<?xml version="1.0" encoding="UTF-8"?>
<testsuite xmlns:xsi="http://www.w3.org/2001/XMLSchema-instance" xsi:noNamespaceSchemaLocation="https://maven.apache.org/surefire/maven-surefire-plugin/xsd/surefire-test-report-3.0.xsd" version="3.0" name="InterpreterIntegrationTest" time="0.282" tests="97" errors="0" skipped="0" failures="0">
  <properties>
[...]
</properties>
  <testcase name="TestSelectReturn" classname="InterpreterIntegrationTest" time="0.021">
    <system-out><![CDATA[Program ends with result: [4, 3]
]]></system-out>
  </testcase>
  <testcase name="WrongTypesInExpressionExceptionThree" classname="InterpreterIntegrationTest" time="0.002"/>
  <testcase name="TestListMethodDelete" classname="InterpreterIntegrationTest" time="0.004">
    <system-out><![CDATA[Program ends with result: 3
]]></system-out>
  </testcase>
  <testcase name="TestListForLoopTypesExcpetion" classname="InterpreterIntegrationTest" time="0.004"/>
  <testcase name="TestSelectStatementListWhereSingleValueNotEqual" classname="InterpreterIntegrationTest" time="0.002">
    <system-out><![CDATA[Program ends with result: [hamster, cat, cow]
]]></system-out>
  </testcase>
  <testcase name="NegatedIntegerAdd" classname="InterpreterIntegrationTest" time="0.002">
    <system-out><![CDATA[Program ends with result: -1
]]></system-out>
  </testcase>
  <testcase name="TestSelectStatementListWhereSingleDefinition" classname="InterpreterIntegrationTest" time="0.003">
    <system-out><![CDATA[Program ends with result: 3
]]></system-out>
  </testcase>
  <testcase name="testBothFalse" classname="InterpreterIntegrationTest" time="0.005">
    <system-out><![CDATA[Program ends with result: 5
]]></system-out>
  </testcase>
  <testcase name="basicReturnBool" classname="InterpreterIntegrationTest" time="0.001">
    <system-out><![CDATA[Program ends with result: true
]]></system-out>
  </testcase>
  <testcase name="TestSelectStatement" classname="InterpreterIntegrationTest" time="0.002">
    <system-out><![CDATA[Program ends with result: [6, 4, 5, 3]
]]></system-out>
  </testcase>
  <testcase name="returnTuple" classname="InterpreterIntegrationTest" time="0.002">
    <system-out><![CDATA[Program ends with result: org.example.interpreter.model.Pair@4b0d79fc
]]></system-out>
  </testcase>
  <testcase name="returnAddIntegers" classname="InterpreterIntegrationTest" time="0.002">
    <system-out><![CDATA[Program ends with result: 5
]]></system-out>
  </testcase>
  <testcase name="TestSelectStatementListWhereDefinition" classname="InterpreterIntegrationTest" time="0.003">
    <system-out><![CDATA[Program ends with result: [hamster, cat, cow]
]]></system-out>
  </testcase>
  <testcase name="TestStringDefinition" classname="InterpreterIntegrationTest" time="0.004">
    <system-out><![CDATA[Program ends with result: 2
]]></system-out>
  </testcase>
  <testcase name="basicReturnFloat" classname="InterpreterIntegrationTest" time="0.002">
    <system-out><![CDATA[Program ends with result: 1.2
]]></system-out>
  </testcase>
  <testcase name="TestDictionaryForLoopTypesExcpetion" classname="InterpreterIntegrationTest" time="0.002"/>
  <testcase name="testForLoop" classname="InterpreterIntegrationTest" time="0.001">
    <system-out><![CDATA[Program ends with result: 3
]]></system-out>
  </testcase>
  <testcase name="TestTupleDefinition" classname="InterpreterIntegrationTest" time="0.002">
    <system-out><![CDATA[Program ends with result: org.example.interpreter.model.Pair@d9345cd
]]></system-out>
  </testcase>
  <testcase name="testIfStatementFalse" classname="InterpreterIntegrationTest" time="0.002">
    <system-out><![CDATA[Program ends with result: 4
]]></system-out>
  </testcase>
  <testcase name="returnDivideIntegers" classname="InterpreterIntegrationTest" time="0.001">
    <system-out><![CDATA[Program ends with result: 1
]]></system-out>
  </testcase>
  <testcase name="basicReturnString" classname="InterpreterIntegrationTest" time="0.002">
    <system-out><![CDATA[Program ends with result: Hello
]]></system-out>
  </testcase>
  <testcase name="negatedStringException" classname="InterpreterIntegrationTest" time="0.002"/>
  <testcase name="negatedBoolean" classname="InterpreterIntegrationTest" time="0.001">
    <system-out><![CDATA[Program ends with result: false
]]></system-out>
  </testcase>
  <testcase name="TestFunctionCallTwo" classname="InterpreterIntegrationTest" time="0.005">
    <system-out><![CDATA[Hello
Program ends with result: 1
]]></system-out>
  </testcase>
  <testcase name="TestSelectStatementListWhere" classname="InterpreterIntegrationTest" time="0.002">
    <system-out><![CDATA[Program ends with result: [hamster, cat, cow]
]]></system-out>
  </testcase>
  <testcase name="stringToIntCast" classname="InterpreterIntegrationTest" time="0.002">
    <system-out><![CDATA[Program ends with result: 2
]]></system-out>
  </testcase>
  <testcase name="WrongTypesInExpressionExceptionOne" classname="InterpreterIntegrationTest" time="0.002"/>
  <testcase name="WrongTypesInExpressionExceptionTwo" classname="InterpreterIntegrationTest" time="0.001"/>
  <testcase name="TestDictionaryDeclaration" classname="InterpreterIntegrationTest" time="0.001">
    <system-out><![CDATA[Program ends with result: {a=1, b=3}
]]></system-out>
  </testcase>
  <testcase name="basicReturnBoolFalse" classname="InterpreterIntegrationTest" time="0.002">
    <system-out><![CDATA[Program ends with result: false
]]></system-out>
  </testcase>
  <testcase name="TestDictionaryMethodAdd" classname="InterpreterIntegrationTest" time="0.002">
    <system-out><![CDATA[Program ends with result: 10
]]></system-out>
  </testcase>
  <testcase name="TestDictionaryMethodGet" classname="InterpreterIntegrationTest" time="0.001">
    <system-out><![CDATA[Program ends with result: 5
]]></system-out>
  </testcase>
  <testcase name="TestDictionaryMethodSet" classname="InterpreterIntegrationTest" time="0.002">
    <system-out><![CDATA[Program ends with result: 10
]]></system-out>
  </testcase>
  <testcase name="returnAndExpression" classname="InterpreterIntegrationTest" time="0.003">
    <system-out><![CDATA[Program ends with result: true
]]></system-out>
  </testcase>
  <testcase name="IntToStringCast" classname="InterpreterIntegrationTest" time="0.002">
    <system-out><![CDATA[Program ends with result: 2
]]></system-out>
  </testcase>
  <testcase name="DivisionByZeroExceptionFloat" classname="InterpreterIntegrationTest" time="0.001"/>
  <testcase name="returnGreaterFloats" classname="InterpreterIntegrationTest" time="0.001">
    <system-out><![CDATA[Program ends with result: true
]]></system-out>
  </testcase>
  <testcase name="TestWhileVariableBeyondTheScope" classname="InterpreterIntegrationTest" time="0.002"/>
  <testcase name="TestListMethodAdd" classname="InterpreterIntegrationTest" time="0.001">
    <system-out><![CDATA[Program ends with result: 4
]]></system-out>
  </testcase>
  <testcase name="TestListMethodGet" classname="InterpreterIntegrationTest" time="0.001">
    <system-out><![CDATA[Program ends with result: 3
]]></system-out>
  </testcase>
  <testcase name="TestListMethodSet" classname="InterpreterIntegrationTest" time="0.002">
    <system-out><![CDATA[Program ends with result: 4
]]></system-out>
  </testcase>
  <testcase name="returnGreaterStrings" classname="InterpreterIntegrationTest" time="0.002">
    <system-out><![CDATA[Program ends with result: false
]]></system-out>
  </testcase>
  <testcase name="TestFunctionCall" classname="InterpreterIntegrationTest" time="0.002">
    <system-out><![CDATA[Program ends with result: -3
]]></system-out>
  </testcase>
  <testcase name="testForLoopReference" classname="InterpreterIntegrationTest" time="0.002">
    <system-out><![CDATA[1
2
3
4
5
Program ends with result: [1, 2, 3, 4, 5]
]]></system-out>
  </testcase>
  <testcase name="returnMultiplyFloat" classname="InterpreterIntegrationTest" time="0.001">
    <system-out><![CDATA[Program ends with result: 7.5
]]></system-out>
  </testcase>
  <testcase name="TestEmptyList" classname="InterpreterIntegrationTest" time="0.001">
    <system-out><![CDATA[Program ends with result: []
]]></system-out>
  </testcase>
  <testcase name="returnSubtractFloat" classname="InterpreterIntegrationTest" time="0.002">
    <system-out><![CDATA[Program ends with result: 0.79999995
]]></system-out>
  </testcase>
  <testcase name="returnsmallerOrEqualIntegers" classname="InterpreterIntegrationTest" time="0.001">
    <system-out><![CDATA[Program ends with result: false
]]></system-out>
  </testcase>
  <testcase name="NegatedInteger" classname="InterpreterIntegrationTest" time="0.001">
    <system-out><![CDATA[Program ends with result: -1
]]></system-out>
  </testcase>
  <testcase name="checkWrongReturnTypeExcpetionSecond" classname="InterpreterIntegrationTest" time="0.002"/>
  <testcase name="TestFunctionCallThree" classname="InterpreterIntegrationTest" time="0.002">
    <system-out><![CDATA[Program ends with result: 3
]]></system-out>
  </testcase>
  <testcase name="TestSelectStatementListWhereSingle" classname="InterpreterIntegrationTest" time="0.002">
    <system-out><![CDATA[Program ends with result: 3
]]></system-out>
  </testcase>
  <testcase name="TestDictionaryForLoop" classname="InterpreterIntegrationTest" time="0.001">
    <system-out><![CDATA[Program ends with result: org.example.interpreter.model.Pair@7d4f9aae
]]></system-out>
  </testcase>
  <testcase name="IntToFloatCast" classname="InterpreterIntegrationTest" time="0.002">
    <system-out><![CDATA[Program ends with result: 2.0
]]></system-out>
  </testcase>
  <testcase name="returnMulipltyIntegers" classname="InterpreterIntegrationTest" time="0.002">
    <system-out><![CDATA[Program ends with result: 6
]]></system-out>
  </testcase>
  <testcase name="returnSmallerIntegers" classname="InterpreterIntegrationTest" time="0.002">
    <system-out><![CDATA[Program ends with result: false
]]></system-out>
  </testcase>
  <testcase name="NegatedFloat" classname="InterpreterIntegrationTest" time="0.001">
    <system-out><![CDATA[Program ends with result: -1
]]></system-out>
  </testcase>
  <testcase name="testForLoopTwo" classname="InterpreterIntegrationTest" time="0.002">
    <system-out><![CDATA[Program ends with result: 5
]]></system-out>
  </testcase>
  <testcase name="TestWhileStatementTwo" classname="InterpreterIntegrationTest" time="0.001">
    <system-out><![CDATA[Program ends with result: 6
]]></system-out>
  </testcase>
  <testcase name="TestWhileStatementThree" classname="InterpreterIntegrationTest" time="0.002">
    <system-out><![CDATA[Program ends with result: 2
]]></system-out>
  </testcase>
  <testcase name="returnEqualsInteger" classname="InterpreterIntegrationTest" time="0.002">
    <system-out><![CDATA[Program ends with result: false
]]></system-out>
  </testcase>
  <testcase name="TestEmptyListTypeDoNotMatchException" classname="InterpreterIntegrationTest" time="0.002"/>
  <testcase name="TestSelectStatementDictionaryDefinition" classname="InterpreterIntegrationTest" time="0.002">
    <system-out><![CDATA[Program ends with result: {3=dog, 4=cat, 5=cow, 6=hamster}
]]></system-out>
  </testcase>
  <testcase name="returnDictionary" classname="InterpreterIntegrationTest" time="0.001">
    <system-out><![CDATA[Program ends with result: {1=1, 2=2}
]]></system-out>
  </testcase>
  <testcase name="TestSelectStatementDictionary" classname="InterpreterIntegrationTest" time="0.001">
    <system-out><![CDATA[Program ends with result: {3=dog, 4=cat, 5=cow, 6=hamster}
]]></system-out>
  </testcase>
  <testcase name="testIfStatement" classname="InterpreterIntegrationTest" time="0.001">
    <system-out><![CDATA[Program ends with result: 3
]]></system-out>
  </testcase>
  <testcase name="TestSelectStatementListWhereSingleValueDefinition" classname="InterpreterIntegrationTest" time="0.001">
    <system-out><![CDATA[Program ends with result: [dog]
]]></system-out>
  </testcase>
  <testcase name="TestIntegerDefinition" classname="InterpreterIntegrationTest" time="0.002">
    <system-out><![CDATA[Program ends with result: 2
]]></system-out>
  </testcase>
  <testcase name="testSingleIf" classname="InterpreterIntegrationTest" time="0.002">
    <system-out><![CDATA[Program ends with result: 3
]]></system-out>
  </testcase>
  <testcase name="TestFloatDeclaration" classname="InterpreterIntegrationTest" time="0.001">
    <system-out><![CDATA[Program ends with result: 2.0
]]></system-out>
  </testcase>
  <testcase name="TestDictionaryMethodDelete" classname="InterpreterIntegrationTest" time="0.002">
    <system-out><![CDATA[Program ends with result: false
]]></system-out>
  </testcase>
  <testcase name="TestSelectStatementListWhereSingleValue" classname="InterpreterIntegrationTest" time="0.001">
    <system-out><![CDATA[Program ends with result: [dog]
]]></system-out>
  </testcase>
  <testcase name="returnList" classname="InterpreterIntegrationTest" time="0.002">
    <system-out><![CDATA[Program ends with result: [1, 2]
]]></system-out>
  </testcase>
  <testcase name="TestTupleMethodGet" classname="InterpreterIntegrationTest" time="0.002">
    <system-out><![CDATA[Program ends with result: a
]]></system-out>
  </testcase>
  <testcase name="testSingleIfFalse" classname="InterpreterIntegrationTest" time="0.002">
    <system-out><![CDATA[Program ends with result: 2
]]></system-out>
  </testcase>
  <testcase name="TestListDeclaration" classname="InterpreterIntegrationTest" time="0.001">
    <system-out><![CDATA[Program ends with result: [a, b]
]]></system-out>
  </testcase>
  <testcase name="TestWhileStatement" classname="InterpreterIntegrationTest" time="0.002">
    <system-out><![CDATA[Program ends with result: 5
]]></system-out>
  </testcase>
  <testcase name="FloatToIntCast" classname="InterpreterIntegrationTest" time="0.002">
    <system-out><![CDATA[Program ends with result: 2
]]></system-out>
  </testcase>
  <testcase name="TestIntegerTypeDoNotMatchException" classname="InterpreterIntegrationTest" time="0.002"/>
  <testcase name="TestFloatDefinition" classname="InterpreterIntegrationTest" time="0.001">
    <system-out><![CDATA[Program ends with result: 2.5
]]></system-out>
  </testcase>
  <testcase name="TestTupleTypeDoNotMatchException" classname="InterpreterIntegrationTest" time="0.002"/>
  <testcase name="TestBoolDefinition" classname="InterpreterIntegrationTest" time="0.001">
    <system-out><![CDATA[Program ends with result: true
]]></system-out>
  </testcase>
  <testcase name="basicReturnIntTest" classname="InterpreterIntegrationTest" time="0.001">
    <system-out><![CDATA[Program ends with result: 0
]]></system-out>
  </testcase>
  <testcase name="TestListDefinition" classname="InterpreterIntegrationTest" time="0.002">
    <system-out><![CDATA[Program ends with result: [a, b]
]]></system-out>
  </testcase>
  <testcase name="returnGreaterIntegers" classname="InterpreterIntegrationTest" time="0.001">
    <system-out><![CDATA[Program ends with result: true
]]></system-out>
  </testcase>
  <testcase name="returnSubtractIntegers" classname="InterpreterIntegrationTest" time="0.002">
    <system-out><![CDATA[Program ends with result: 2
]]></system-out>
  </testcase>
  <testcase name="returnDivideFloat" classname="InterpreterIntegrationTest" time="0.002">
    <system-out><![CDATA[Program ends with result: 2.0
]]></system-out>
  </testcase>
  <testcase name="returnOrExpression" classname="InterpreterIntegrationTest" time="0.004">
    <system-out><![CDATA[Program ends with result: false
]]></system-out>
  </testcase>
  <testcase name="returnAddFloat" classname="InterpreterIntegrationTest" time="0.001">
    <system-out><![CDATA[Program ends with result: 6.2
]]></system-out>
  </testcase>
  <testcase name="stringToFloatCast" classname="InterpreterIntegrationTest" time="0.001">
    <system-out><![CDATA[Program ends with result: 2.0
]]></system-out>
  </testcase>
  <testcase name="checkWrongReturnTypeExcpetion" classname="InterpreterIntegrationTest" time="0.002"/>
  <testcase name="TestTupleMethodGetException" classname="InterpreterIntegrationTest" time="0.001">
    <system-out><![CDATA[Program ends with result: 5
]]></system-out>
  </testcase>
  <testcase name="DivisionByZeroExceptiom" classname="InterpreterIntegrationTest" time="0.002"/>
  <testcase name="returnAddString" classname="InterpreterIntegrationTest" time="0.002">
    <system-out><![CDATA[Program ends with result: Hello World
]]></system-out>
  </testcase>
  <testcase name="TestTupleDeclaration" classname="InterpreterIntegrationTest" time="0.002">
    <system-out><![CDATA[Program ends with result: org.example.interpreter.model.Pair@272113c4
]]></system-out>
  </testcase>
  <testcase name="TestDictionaryDefinition" classname="InterpreterIntegrationTest" time="0.002">
    <system-out><![CDATA[Program ends with result: {a=1, b=2}
]]></system-out>
  </testcase>
  <testcase name="TestStringDeclaration" classname="InterpreterIntegrationTest" time="0.002">
    <system-out><![CDATA[Program ends with result: 2
]]></system-out>
  </testcase>
</testsuite>