<?xml version="1.0" encoding="UTF-8"?>
<testsuite xmlns:xsi="http://www.w3.org/2001/XMLSchema-instance" xsi:noNamespaceSchemaLocation="https://maven.apache.org/surefire/maven-surefire-plugin/xsd/surefire-test-report-3.0.xsd" version="3.0" name="ParserIntegrationTests" time="0.05" tests="21" errors="0" skipped="0" failures="0">
  <properties>
[...]
</properties>
  <testcase name="testEmptyTuple" classname="ParserIntegrationTests" time="0.003"/>
  <testcase name="testMissingParameter" classname="ParserIntegrationTests" time="0.001"/>
  <testcase name="testSemicolonMissing" classname="ParserIntegrationTests" time="0.002"/>
  <testcase name="testWhile" classname="ParserIntegrationTests" time="0.001"/>
  <testcase name="testForLoop" classname="ParserIntegrationTests" time="0.001"/>
  <testcase name="testIf" classname="ParserIntegrationTests" time="0.001"/>
  <testcase name="ifWithoutConiditon" classname="ParserIntegrationTests" time="0.001"/>
  <testcase name="testSimpleIntFunction" classname="ParserIntegrationTests" time="0.002">
    <system-err><![CDATA[cze 04, 2024 1:20:52 AM org.example.reader.DataStreamInputReader getNextChar
WARNING: Stream closed
]]></system-err>
  </testcase>
  <testcase name="testWrongBrackets" classname="ParserIntegrationTests" time="0.001"/>
  <testcase name="testSimpleboolFunction" classname="ParserIntegrationTests" time="0.001"/>
  <testcase name="elifWithoutConiditon" classname="ParserIntegrationTests" time="0.002"/>
  <testcase name="testDuplacatedIdentifer" classname="ParserIntegrationTests" time="0.002"/>
  <testcase name="testIfElifElse" classname="ParserIntegrationTests" time="0.009"/>
  <testcase name="testMissingBracket" classname="ParserIntegrationTests" time="0.002"/>
  <testcase name="testMissingFunctionReturnType" classname="ParserIntegrationTests" time="0.002"/>
  <testcase name="emptyFor" classname="ParserIntegrationTests" time="0.001"/>
  <testcase name="testSelect" classname="ParserIntegrationTests" time="0.001"/>
  <testcase name="testDicitionaryIdentifier" classname="ParserIntegrationTests" time="0.001"/>
  <testcase name="testMissingparameterIdentifer" classname="ParserIntegrationTests" time="0.002"/>
  <testcase name="testDoubleFunctionComplexTypeFunction" classname="ParserIntegrationTests" time="0.001"/>
  <testcase name="testOperandsBeingNextToEachother" classname="ParserIntegrationTests" time="0.002"/>
</testsuite>